This file contains any messages produced by compilers while
running configure, to aid debugging if configure makes a mistake.

It was created by libaacplus configure 2.0.2, which was
generated by GNU Autoconf 2.69.  Invocation command line was

  $ ./configure --enable-static --disable-shared

## --------- ##
## Platform. ##
## --------- ##

hostname = LAPTOP-2S9MNP3G
uname -m = x86_64
uname -r = 3.1.7-340.x86_64
uname -s = MINGW32_NT-10.0-18363
uname -v = 2020-11-08 12:32 UTC

/usr/bin/uname -p = unknown
/bin/uname -X     = unknown

/bin/arch              = x86_64
/usr/bin/arch -k       = unknown
/usr/convex/getsysinfo = unknown
/usr/bin/hostinfo      = unknown
/bin/machine           = unknown
/usr/bin/oslevel       = unknown
/bin/universe          = unknown

PATH: /mingw32/bin
PATH: /usr/local/bin
PATH: /usr/bin
PATH: /bin
PATH: /c/Windows/System32
PATH: /c/Windows
PATH: /c/Windows/System32/Wbem
PATH: /c/Windows/System32/WindowsPowerShell/v1.0/
PATH: /usr/bin/site_perl
PATH: /usr/bin/vendor_perl
PATH: /usr/bin/core_perl


## ----------- ##
## Core tests. ##
## ----------- ##

configure:2284: loading site script /mingw32/etc/config.site
| # This file is in public domain.
| # Original author: Karlson2k (Evgeny Grin)
| # Written for MSys2/MinGW64 to help running 'configure' scripts
| 
| # Defaults for MinGW64-targeted programs
| 
| # Set proper selfname on bash and fallback to default name on other shells
| test -n "${BASH_SOURCE}" 2>/dev/null && config_site_me="${BASH_SOURCE[0]##*/}" || config_site_me=config.site
| 
| # Set default 'host' to speedup configure
| if test -z "$build_alias"; then
|   build_alias="${MSYSTEM_CHOST-i686-w64-mingw32}"  && \
|     ${as_echo-echo} "$config_site_me:${as_lineno-$LINENO}: default build_alias set to $build_alias" >&5
| fi
| 
| # Set default 'prefix' to "/mingw32"
| if ( test -z "$prefix" || test "x$prefix" = "xNONE" ) && \
|    ( test -z "$exec_prefix" || test "x$exec_prefix" = "xNONE" ); then
|   prefix="${MSYSTEM_PREFIX-/mingw32}" && \
|     ${as_echo-echo} "$config_site_me:${as_lineno-$LINENO}: default prefix set to $prefix" >&5
| fi
config.site:13: default build_alias set to i686-w64-mingw32
config.site:20: default prefix set to /mingw32
configure:2426: checking for a BSD-compatible install
configure:2494: result: /usr/bin/install -c
configure:2505: checking whether build environment is sane
configure:2560: result: yes
configure:2711: checking for a thread-safe mkdir -p
configure:2750: result: /usr/bin/mkdir -p
configure:2757: checking for gawk
configure:2773: found /usr/bin/gawk
configure:2784: result: gawk
configure:2795: checking whether make sets $(MAKE)
configure:2817: result: yes
configure:2846: checking whether make supports nested variables
configure:2863: result: yes
configure:3042: checking for gcc
configure:3058: found /mingw32/bin/gcc
configure:3069: result: gcc
configure:3298: checking for C compiler version
configure:3307: gcc --version >&5
gcc.exe (Rev5, Built by MSYS2 project) 10.2.0
Copyright (C) 2020 Free Software Foundation, Inc.
This is free software; see the source for copying conditions.  There is NO
warranty; not even for MERCHANTABILITY or FITNESS FOR A PARTICULAR PURPOSE.

configure:3318: $? = 0
configure:3307: gcc -v >&5
Using built-in specs.
COLLECT_GCC=D:\msys64\mingw32\bin\gcc.exe
COLLECT_LTO_WRAPPER=D:/msys64/mingw32/bin/../lib/gcc/i686-w64-mingw32/10.2.0/lto-wrapper.exe
Target: i686-w64-mingw32
Configured with: ../gcc-10.2.0/configure --prefix=/mingw32 --with-local-prefix=/mingw32/local --build=i686-w64-mingw32 --host=i686-w64-mingw32 --target=i686-w64-mingw32 --with-native-system-header-dir=/mingw32/i686-w64-mingw32/include --libexecdir=/mingw32/lib --enable-bootstrap --with-arch=i686 --with-tune=generic --enable-languages=c,lto,c++,fortran,ada,objc,obj-c++ --enable-shared --enable-static --enable-libatomic --enable-threads=posix --enable-graphite --enable-fully-dynamic-string --enable-libstdcxx-filesystem-ts=yes --enable-libstdcxx-time=yes --disable-libstdcxx-pch --disable-libstdcxx-debug --disable-isl-version-check --enable-lto --enable-libgomp --disable-multilib --enable-checking=release --disable-rpath --disable-win32-registry --disable-nls --disable-werror --disable-symvers --disable-plugin --with-libiconv --with-system-zlib --with-gmp=/mingw32 --with-mpfr=/mingw32 --with-mpc=/mingw32 --with-isl=/mingw32 --with-pkgversion='Rev5, Built by MSYS2 project' --with-bugurl=https://github.com/msys2/MINGW-packages/issues --with-gnu-as --with-gnu-ld --with-boot-ldflags='-pipe -Wl,--dynamicbase,--nxcompat,--no-seh -Wl,--large-address-aware -Wl,--disable-dynamicbase -static-libstdc++ -static-libgcc' 'LDFLAGS_FOR_TARGET=-pipe -Wl,--dynamicbase,--nxcompat,--no-seh -Wl,--large-address-aware' --enable-linker-plugin-flags='LDFLAGS=-static-libstdc++\ -static-libgcc\ -pipe\ -Wl,--dynamicbase,--nxcompat,--no-seh\ -Wl,--large-address-aware\ -Wl,--stack,12582912' --disable-sjlj-exceptions --with-dwarf2
Thread model: posix
Supported LTO compression algorithms: zlib zstd
gcc version 10.2.0 (Rev5, Built by MSYS2 project) 
configure:3318: $? = 0
configure:3307: gcc -V >&5
gcc.exe: error: unrecognized command-line option '-V'
gcc.exe: fatal error: no input files
compilation terminated.
configure:3318: $? = 1
configure:3307: gcc -qversion >&5
gcc.exe: error: unrecognized command-line option '-qversion'; did you mean '--version'?
gcc.exe: fatal error: no input files
compilation terminated.
configure:3318: $? = 1
configure:3338: checking whether the C compiler works
configure:3360: gcc -fPIC   conftest.c  >&5
configure:3364: $? = 0
configure:3412: result: yes
configure:3415: checking for C compiler default output file name
configure:3417: result: a.exe
configure:3423: checking for suffix of executables
configure:3430: gcc -o conftest.exe -fPIC   conftest.c  >&5
configure:3434: $? = 0
configure:3456: result: .exe
configure:3478: checking whether we are cross compiling
configure:3486: gcc -o conftest.exe -fPIC   conftest.c  >&5
configure:3490: $? = 0
configure:3497: ./conftest.exe
configure:3501: $? = 0
configure:3516: result: no
configure:3521: checking for suffix of object files
configure:3543: gcc -c -fPIC  conftest.c >&5
configure:3547: $? = 0
configure:3568: result: o
configure:3572: checking whether we are using the GNU C compiler
configure:3591: gcc -c -fPIC  conftest.c >&5
configure:3591: $? = 0
configure:3600: result: yes
configure:3609: checking whether gcc accepts -g
configure:3629: gcc -c -g  conftest.c >&5
configure:3629: $? = 0
configure:3670: result: yes
configure:3687: checking for gcc option to accept ISO C89
configure:3750: gcc  -c -fPIC  conftest.c >&5
configure:3750: $? = 0
configure:3763: result: none needed
configure:3788: checking whether gcc understands -c and -o together
configure:3810: gcc -c conftest.c -o conftest2.o
configure:3813: $? = 0
configure:3810: gcc -c conftest.c -o conftest2.o
configure:3813: $? = 0
configure:3825: result: yes
configure:3845: checking whether make supports the include directive
configure:3860: make -f confmf.GNU && cat confinc.out
this is the am__doit target
configure:3863: $? = 0
configure:3882: result: yes (GNU style)
configure:3907: checking dependency style of gcc
configure:4018: result: gcc3
configure:4039: checking how to run the C preprocessor
configure:4070: gcc -E  conftest.c
configure:4070: $? = 0
configure:4084: gcc -E  conftest.c
conftest.c:11:10: fatal error: ac_nonexistent.h: No such file or directory
   11 | #include <ac_nonexistent.h>
      |          ^~~~~~~~~~~~~~~~~~
compilation terminated.
configure:4084: $? = 1
configure: failed program was:
| /* confdefs.h */
| #define PACKAGE_NAME "libaacplus"
| #define PACKAGE_TARNAME "libaacplus"
| #define PACKAGE_VERSION "2.0.2"
| #define PACKAGE_STRING "libaacplus 2.0.2"
| #define PACKAGE_BUGREPORT "Sergiy Guriev <piratfm@ua.fm>"
| #define PACKAGE_URL ""
| #define PACKAGE "libaacplus"
| #define VERSION "2.0.2"
| /* end confdefs.h.  */
| #include <ac_nonexistent.h>
configure:4109: result: gcc -E
configure:4129: gcc -E  conftest.c
configure:4129: $? = 0
configure:4143: gcc -E  conftest.c
conftest.c:11:10: fatal error: ac_nonexistent.h: No such file or directory
   11 | #include <ac_nonexistent.h>
      |          ^~~~~~~~~~~~~~~~~~
compilation terminated.
configure:4143: $? = 1
configure: failed program was:
| /* confdefs.h */
| #define PACKAGE_NAME "libaacplus"
| #define PACKAGE_TARNAME "libaacplus"
| #define PACKAGE_VERSION "2.0.2"
| #define PACKAGE_STRING "libaacplus 2.0.2"
| #define PACKAGE_BUGREPORT "Sergiy Guriev <piratfm@ua.fm>"
| #define PACKAGE_URL ""
| #define PACKAGE "libaacplus"
| #define VERSION "2.0.2"
| /* end confdefs.h.  */
| #include <ac_nonexistent.h>
configure:4172: checking whether ln -s works
configure:4179: result: no, using cp -pR
configure:4183: checking whether make sets $(MAKE)
configure:4205: result: yes
configure:4218: checking build system type
configure:4232: result: i686-w64-mingw32
configure:4252: checking host system type
configure:4265: result: i686-w64-mingw32
configure:4332: checking for as
configure:4348: found /mingw32/bin/as
configure:4359: result: as
configure:4424: checking for dlltool
configure:4440: found /mingw32/bin/dlltool
configure:4451: result: dlltool
configure:4516: checking for objdump
configure:4532: found /mingw32/bin/objdump
configure:4543: result: objdump
configure:4634: checking how to print strings
configure:4661: result: printf
configure:4682: checking for a sed that does not truncate output
configure:4746: result: /usr/bin/sed
configure:4764: checking for grep that handles long lines and -e
configure:4822: result: /usr/bin/grep
configure:4827: checking for egrep
configure:4889: result: /usr/bin/grep -E
configure:4894: checking for fgrep
configure:4956: result: /usr/bin/grep -F
configure:4991: checking for ld used by gcc
configure:5058: result: D:/msys64/mingw32/i686-w64-mingw32/bin/ld.exe
configure:5065: checking if the linker (D:/msys64/mingw32/i686-w64-mingw32/bin/ld.exe) is GNU ld
configure:5080: result: yes
configure:5092: checking for BSD- or MS-compatible name lister (nm)
configure:5146: result: /mingw32/bin/nm -B
configure:5276: checking the name lister (/mingw32/bin/nm -B) interface
configure:5283: gcc -c -fPIC  conftest.c >&5
configure:5286: /mingw32/bin/nm -B "conftest.o"
configure:5289: output
00000000 b .bss
00000000 d .data
00000000 r .rdata$zzz
00000000 t .text
00000000 B _some_variable
configure:5296: result: BSD nm
configure:5300: checking the maximum length of command line arguments
configure:5431: result: 8192
configure:5479: checking how to convert i686-w64-mingw32 file names to i686-w64-mingw32 format
configure:5519: result: func_convert_file_msys_to_w32
configure:5526: checking how to convert i686-w64-mingw32 file names to toolchain format
configure:5546: result: func_convert_file_msys_to_w32
configure:5553: checking for D:/msys64/mingw32/i686-w64-mingw32/bin/ld.exe option to reload object files
configure:5560: result: -r
configure:5634: checking for objdump
configure:5661: result: objdump
configure:5690: checking how to recognize dependent libraries
configure:5890: result: file_magic ^x86 archive import|^x86 DLL
configure:5975: checking for dlltool
configure:6002: result: dlltool
configure:6032: checking how to associate runtime and link libraries
configure:6059: result: func_cygming_dll_for_implib
configure:6120: checking for ar
configure:6136: found /mingw32/bin/ar
configure:6147: result: ar
configure:6184: checking for archiver @FILE support
configure:6201: gcc -c -fPIC  conftest.c >&5
configure:6201: $? = 0
configure:6204: ar cru libconftest.a @conftest.lst >&5
configure:6207: $? = 0
configure:6212: ar cru libconftest.a @conftest.lst >&5
D:\msys64\mingw32\bin\ar.exe: conftest.o: No such file or directory
configure:6215: $? = 1
configure:6227: result: @
configure:6285: checking for strip
configure:6301: found /mingw32/bin/strip
configure:6312: result: strip
configure:6384: checking for ranlib
configure:6400: found /mingw32/bin/ranlib
configure:6411: result: ranlib
configure:6513: checking command to parse /mingw32/bin/nm -B output from gcc object
configure:6666: gcc -c -fPIC  conftest.c >&5
configure:6669: $? = 0
configure:6673: /mingw32/bin/nm -B conftest.o \| sed -n -e 's/^.*[ ]\([ABCDGIRSTW][ABCDGIRSTW]*\)[ ][ ]*\([_A-Za-z][_A-Za-z0-9]*\)\{0,1\}$/\1 \2 \2/p' | sed '/ __gnu_lto/d' \> conftest.nm
configure:6676: $? = 0
cannot find nm_test_var in conftest.nm
configure:6666: gcc -c -fPIC  conftest.c >&5
configure:6669: $? = 0
configure:6673: /mingw32/bin/nm -B conftest.o \| sed -n -e 's/^.*[ ]\([ABCDGIRSTW][ABCDGIRSTW]*\)[ ][ ]*_\([_A-Za-z][_A-Za-z0-9]*\)\{0,1\}$/\1 _\2 \2/p' | sed '/ __gnu_lto/d' \> conftest.nm
configure:6676: $? = 0
configure:6742: gcc -o conftest.exe -fPIC   conftest.c conftstm.o >&5
configure:6745: $? = 0
configure:6783: result: ok
configure:6830: checking for sysroot
configure:6860: result: no
configure:6867: checking for a working dd
configure:6905: result: /usr/bin/dd
configure:6909: checking how to truncate binary pipes
configure:6924: result: /usr/bin/dd bs=4096 count=1
configure:7253: checking for mt
configure:7283: result: no
configure:7303: checking if : is a manifest tool
configure:7309: : '-?'
configure:7317: result: no
configure:7990: checking for ANSI C header files
configure:8010: gcc -c -fPIC  conftest.c >&5
configure:8010: $? = 0
configure:8083: gcc -o conftest.exe -fPIC   conftest.c  >&5
configure:8083: $? = 0
configure:8083: ./conftest.exe
configure:8083: $? = 0
configure:8094: result: yes
configure:8107: checking for sys/types.h
configure:8107: gcc -c -fPIC  conftest.c >&5
configure:8107: $? = 0
configure:8107: result: yes
configure:8107: checking for sys/stat.h
configure:8107: gcc -c -fPIC  conftest.c >&5
configure:8107: $? = 0
configure:8107: result: yes
configure:8107: checking for stdlib.h
configure:8107: gcc -c -fPIC  conftest.c >&5
configure:8107: $? = 0
configure:8107: result: yes
configure:8107: checking for string.h
configure:8107: gcc -c -fPIC  conftest.c >&5
configure:8107: $? = 0
configure:8107: result: yes
configure:8107: checking for memory.h
configure:8107: gcc -c -fPIC  conftest.c >&5
configure:8107: $? = 0
configure:8107: result: yes
configure:8107: checking for strings.h
configure:8107: gcc -c -fPIC  conftest.c >&5
configure:8107: $? = 0
configure:8107: result: yes
configure:8107: checking for inttypes.h
configure:8107: gcc -c -fPIC  conftest.c >&5
configure:8107: $? = 0
configure:8107: result: yes
configure:8107: checking for stdint.h
configure:8107: gcc -c -fPIC  conftest.c >&5
configure:8107: $? = 0
configure:8107: result: yes
configure:8107: checking for unistd.h
configure:8107: gcc -c -fPIC  conftest.c >&5
configure:8107: $? = 0
configure:8107: result: yes
configure:8121: checking for dlfcn.h
configure:8121: gcc -c -fPIC  conftest.c >&5
conftest.c:55:10: fatal error: dlfcn.h: No such file or directory
   55 | #include <dlfcn.h>
      |          ^~~~~~~~~
compilation terminated.
configure:8121: $? = 1
configure: failed program was:
| /* confdefs.h */
| #define PACKAGE_NAME "libaacplus"
| #define PACKAGE_TARNAME "libaacplus"
| #define PACKAGE_VERSION "2.0.2"
| #define PACKAGE_STRING "libaacplus 2.0.2"
| #define PACKAGE_BUGREPORT "Sergiy Guriev <piratfm@ua.fm>"
| #define PACKAGE_URL ""
| #define PACKAGE "libaacplus"
| #define VERSION "2.0.2"
| #define STDC_HEADERS 1
| #define HAVE_SYS_TYPES_H 1
| #define HAVE_SYS_STAT_H 1
| #define HAVE_STDLIB_H 1
| #define HAVE_STRING_H 1
| #define HAVE_MEMORY_H 1
| #define HAVE_STRINGS_H 1
| #define HAVE_INTTYPES_H 1
| #define HAVE_STDINT_H 1
| #define HAVE_UNISTD_H 1
| /* end confdefs.h.  */
| #include <stdio.h>
| #ifdef HAVE_SYS_TYPES_H
| # include <sys/types.h>
| #endif
| #ifdef HAVE_SYS_STAT_H
| # include <sys/stat.h>
| #endif
| #ifdef STDC_HEADERS
| # include <stdlib.h>
| # include <stddef.h>
| #else
| # ifdef HAVE_STDLIB_H
| #  include <stdlib.h>
| # endif
| #endif
| #ifdef HAVE_STRING_H
| # if !defined STDC_HEADERS && defined HAVE_MEMORY_H
| #  include <memory.h>
| # endif
| # include <string.h>
| #endif
| #ifdef HAVE_STRINGS_H
| # include <strings.h>
| #endif
| #ifdef HAVE_INTTYPES_H
| # include <inttypes.h>
| #endif
| #ifdef HAVE_STDINT_H
| # include <stdint.h>
| #endif
| #ifdef HAVE_UNISTD_H
| # include <unistd.h>
| #endif
| 
| #include <dlfcn.h>
configure:8121: result: no
configure:8375: checking for objdir
configure:8390: result: .libs
configure:8654: checking if gcc supports -fno-rtti -fno-exceptions
configure:8672: gcc -c -fPIC  -fno-rtti -fno-exceptions conftest.c >&5
cc1.exe: warning: command-line option '-fno-rtti' is valid for C++/D/ObjC++ but not for C
configure:8676: $? = 0
configure:8689: result: no
configure:9047: checking for gcc option to produce PIC
configure:9054: result: -DDLL_EXPORT -DPIC
configure:9062: checking if gcc PIC flag -DDLL_EXPORT -DPIC works
configure:9080: gcc -c -fPIC  -DDLL_EXPORT -DPIC -DPIC conftest.c >&5
configure:9084: $? = 0
configure:9097: result: yes
configure:9126: checking if gcc static flag -static works
configure:9154: result: yes
configure:9169: checking if gcc supports -c -o file.o
configure:9190: gcc -c -fPIC  -o out/conftest2.o conftest.c >&5
configure:9194: $? = 0
configure:9216: result: yes
configure:9224: checking if gcc supports -c -o file.o
configure:9271: result: yes
configure:9304: checking whether the gcc linker (D:/msys64/mingw32/i686-w64-mingw32/bin/ld.exe) supports shared libraries
configure:10564: result: yes
configure:10804: checking dynamic linker characteristics
configure:11628: result: Win32 ld.exe
configure:11750: checking how to hardcode library paths into programs
configure:11775: result: immediate
configure:12323: checking whether stripping libraries is possible
configure:12328: result: yes
configure:12363: checking if libtool supports shared libraries
configure:12365: result: yes
configure:12368: checking whether to build shared libraries
configure:12393: result: no
configure:12396: checking whether to build static libraries
configure:12400: result: yes
configure:12439: checking for unzip
configure:12457: found /usr/bin/unzip
configure:12469: result: /usr/bin/unzip
configure:12482: checking for patch
configure:12500: found /usr/bin/patch
configure:12512: result: /usr/bin/patch
configure:12533: checking for /bin/bash
configure:12546: result: yes
configure:12671: checking for parameter expansion string replace capable shell
configure:12687: result: /bin/bash
configure:12713: checking for wget
configure:12731: found /usr/bin/wget
configure:12743: result: /usr/bin/wget
configure:12758: checking for web downloading command
configure:12787: result: /usr/bin/wget -N
configure:12801: checking for library containing sqrt
configure:12832: gcc -o conftest.exe -fPIC   conftest.c  >&5
conftest.c:29:6: warning: conflicting types for built-in function 'sqrt'; expected 'double(double)' [-Wbuiltin-declaration-mismatch]
   29 | char sqrt ();
      |      ^~~~
conftest.c:1:1: note: 'sqrt' is declared in header '<math.h>'
    1 | /* confdefs.h */
configure:12832: $? = 0
configure:12849: result: none required
configure:12859: checking for ANSI C header files
configure:12963: result: yes
configure:12974: checking float.h usability
configure:12974: gcc -c -fPIC  conftest.c >&5
configure:12974: $? = 0
configure:12974: result: yes
configure:12974: checking float.h presence
configure:12974: gcc -E  conftest.c
configure:12974: $? = 0
configure:12974: result: yes
configure:12974: checking for float.h
configure:12974: result: yes
configure:12974: checking for memory.h
configure:12974: result: yes
configure:12974: checking for stdint.h
configure:12974: result: yes
configure:12974: checking for stdlib.h
configure:12974: result: yes
configure:12974: checking for string.h
configure:12974: result: yes
configure:12990: checking for an ANSI C-conforming const
configure:13056: gcc -c -fPIC  conftest.c >&5
configure:13056: $? = 0
configure:13063: result: yes
configure:13071: checking for int16_t
configure:13071: gcc -c -fPIC  conftest.c >&5
configure:13071: $? = 0
configure:13071: gcc -c -fPIC  conftest.c >&5
conftest.c: In function 'main':
conftest.c:65:12: error: size of array 'test_array' is negative
   65 | static int test_array [1 - 2 * !((int16_t) (((((int16_t) 1 << N) << N) - 1) * 2 + 1)
      |            ^~~~~~~~~~
configure:13071: $? = 1
configure: failed program was:
| /* confdefs.h */
| #define PACKAGE_NAME "libaacplus"
| #define PACKAGE_TARNAME "libaacplus"
| #define PACKAGE_VERSION "2.0.2"
| #define PACKAGE_STRING "libaacplus 2.0.2"
| #define PACKAGE_BUGREPORT "Sergiy Guriev <piratfm@ua.fm>"
| #define PACKAGE_URL ""
| #define PACKAGE "libaacplus"
| #define VERSION "2.0.2"
| #define STDC_HEADERS 1
| #define HAVE_SYS_TYPES_H 1
| #define HAVE_SYS_STAT_H 1
| #define HAVE_STDLIB_H 1
| #define HAVE_STRING_H 1
| #define HAVE_MEMORY_H 1
| #define HAVE_STRINGS_H 1
| #define HAVE_INTTYPES_H 1
| #define HAVE_STDINT_H 1
| #define HAVE_UNISTD_H 1
| #define LT_OBJDIR ".libs/"
| #define STDC_HEADERS 1
| #define HAVE_FLOAT_H 1
| #define HAVE_MEMORY_H 1
| #define HAVE_STDINT_H 1
| #define HAVE_STDLIB_H 1
| #define HAVE_STRING_H 1
| /* end confdefs.h.  */
| #include <stdio.h>
| #ifdef HAVE_SYS_TYPES_H
| # include <sys/types.h>
| #endif
| #ifdef HAVE_SYS_STAT_H
| # include <sys/stat.h>
| #endif
| #ifdef STDC_HEADERS
| # include <stdlib.h>
| # include <stddef.h>
| #else
| # ifdef HAVE_STDLIB_H
| #  include <stdlib.h>
| # endif
| #endif
| #ifdef HAVE_STRING_H
| # if !defined STDC_HEADERS && defined HAVE_MEMORY_H
| #  include <memory.h>
| # endif
| # include <string.h>
| #endif
| #ifdef HAVE_STRINGS_H
| # include <strings.h>
| #endif
| #ifdef HAVE_INTTYPES_H
| # include <inttypes.h>
| #endif
| #ifdef HAVE_STDINT_H
| # include <stdint.h>
| #endif
| #ifdef HAVE_UNISTD_H
| # include <unistd.h>
| #endif
| 	        enum { N = 16 / 2 - 1 };
| int
| main ()
| {
| static int test_array [1 - 2 * !((int16_t) (((((int16_t) 1 << N) << N) - 1) * 2 + 1)
| 		 < (int16_t) (((((int16_t) 1 << N) << N) - 1) * 2 + 2))];
| test_array [0] = 0;
| return test_array [0];
| 
|   ;
|   return 0;
| }
configure:13071: result: yes
configure:13082: checking for int32_t
configure:13082: gcc -c -fPIC  conftest.c >&5
configure:13082: $? = 0
configure:13082: gcc -c -fPIC  conftest.c >&5
conftest.c: In function 'main':
conftest.c:66:53: warning: integer overflow in expression of type 'int' results in '-2147483648' [-Woverflow]
   66 |    < (int32_t) (((((int32_t) 1 << N) << N) - 1) * 2 + 2))];
      |                                                     ^
conftest.c:65:12: error: storage size of 'test_array' isn't constant
   65 | static int test_array [1 - 2 * !((int32_t) (((((int32_t) 1 << N) << N) - 1) * 2 + 1)
      |            ^~~~~~~~~~
configure:13082: $? = 1
configure: failed program was:
| /* confdefs.h */
| #define PACKAGE_NAME "libaacplus"
| #define PACKAGE_TARNAME "libaacplus"
| #define PACKAGE_VERSION "2.0.2"
| #define PACKAGE_STRING "libaacplus 2.0.2"
| #define PACKAGE_BUGREPORT "Sergiy Guriev <piratfm@ua.fm>"
| #define PACKAGE_URL ""
| #define PACKAGE "libaacplus"
| #define VERSION "2.0.2"
| #define STDC_HEADERS 1
| #define HAVE_SYS_TYPES_H 1
| #define HAVE_SYS_STAT_H 1
| #define HAVE_STDLIB_H 1
| #define HAVE_STRING_H 1
| #define HAVE_MEMORY_H 1
| #define HAVE_STRINGS_H 1
| #define HAVE_INTTYPES_H 1
| #define HAVE_STDINT_H 1
| #define HAVE_UNISTD_H 1
| #define LT_OBJDIR ".libs/"
| #define STDC_HEADERS 1
| #define HAVE_FLOAT_H 1
| #define HAVE_MEMORY_H 1
| #define HAVE_STDINT_H 1
| #define HAVE_STDLIB_H 1
| #define HAVE_STRING_H 1
| /* end confdefs.h.  */
| #include <stdio.h>
| #ifdef HAVE_SYS_TYPES_H
| # include <sys/types.h>
| #endif
| #ifdef HAVE_SYS_STAT_H
| # include <sys/stat.h>
| #endif
| #ifdef STDC_HEADERS
| # include <stdlib.h>
| # include <stddef.h>
| #else
| # ifdef HAVE_STDLIB_H
| #  include <stdlib.h>
| # endif
| #endif
| #ifdef HAVE_STRING_H
| # if !defined STDC_HEADERS && defined HAVE_MEMORY_H
| #  include <memory.h>
| # endif
| # include <string.h>
| #endif
| #ifdef HAVE_STRINGS_H
| # include <strings.h>
| #endif
| #ifdef HAVE_INTTYPES_H
| # include <inttypes.h>
| #endif
| #ifdef HAVE_STDINT_H
| # include <stdint.h>
| #endif
| #ifdef HAVE_UNISTD_H
| # include <unistd.h>
| #endif
| 	        enum { N = 32 / 2 - 1 };
| int
| main ()
| {
| static int test_array [1 - 2 * !((int32_t) (((((int32_t) 1 << N) << N) - 1) * 2 + 1)
| 		 < (int32_t) (((((int32_t) 1 << N) << N) - 1) * 2 + 2))];
| test_array [0] = 0;
| return test_array [0];
| 
|   ;
|   return 0;
| }
configure:13082: result: yes
configure:13093: checking for int8_t
configure:13093: gcc -c -fPIC  conftest.c >&5
configure:13093: $? = 0
configure:13093: gcc -c -fPIC  conftest.c >&5
conftest.c: In function 'main':
conftest.c:65:12: error: size of array 'test_array' is negative
   65 | static int test_array [1 - 2 * !((int8_t) (((((int8_t) 1 << N) << N) - 1) * 2 + 1)
      |            ^~~~~~~~~~
configure:13093: $? = 1
configure: failed program was:
| /* confdefs.h */
| #define PACKAGE_NAME "libaacplus"
| #define PACKAGE_TARNAME "libaacplus"
| #define PACKAGE_VERSION "2.0.2"
| #define PACKAGE_STRING "libaacplus 2.0.2"
| #define PACKAGE_BUGREPORT "Sergiy Guriev <piratfm@ua.fm>"
| #define PACKAGE_URL ""
| #define PACKAGE "libaacplus"
| #define VERSION "2.0.2"
| #define STDC_HEADERS 1
| #define HAVE_SYS_TYPES_H 1
| #define HAVE_SYS_STAT_H 1
| #define HAVE_STDLIB_H 1
| #define HAVE_STRING_H 1
| #define HAVE_MEMORY_H 1
| #define HAVE_STRINGS_H 1
| #define HAVE_INTTYPES_H 1
| #define HAVE_STDINT_H 1
| #define HAVE_UNISTD_H 1
| #define LT_OBJDIR ".libs/"
| #define STDC_HEADERS 1
| #define HAVE_FLOAT_H 1
| #define HAVE_MEMORY_H 1
| #define HAVE_STDINT_H 1
| #define HAVE_STDLIB_H 1
| #define HAVE_STRING_H 1
| /* end confdefs.h.  */
| #include <stdio.h>
| #ifdef HAVE_SYS_TYPES_H
| # include <sys/types.h>
| #endif
| #ifdef HAVE_SYS_STAT_H
| # include <sys/stat.h>
| #endif
| #ifdef STDC_HEADERS
| # include <stdlib.h>
| # include <stddef.h>
| #else
| # ifdef HAVE_STDLIB_H
| #  include <stdlib.h>
| # endif
| #endif
| #ifdef HAVE_STRING_H
| # if !defined STDC_HEADERS && defined HAVE_MEMORY_H
| #  include <memory.h>
| # endif
| # include <string.h>
| #endif
| #ifdef HAVE_STRINGS_H
| # include <strings.h>
| #endif
| #ifdef HAVE_INTTYPES_H
| # include <inttypes.h>
| #endif
| #ifdef HAVE_STDINT_H
| # include <stdint.h>
| #endif
| #ifdef HAVE_UNISTD_H
| # include <unistd.h>
| #endif
| 	        enum { N = 8 / 2 - 1 };
| int
| main ()
| {
| static int test_array [1 - 2 * !((int8_t) (((((int8_t) 1 << N) << N) - 1) * 2 + 1)
| 		 < (int8_t) (((((int8_t) 1 << N) << N) - 1) * 2 + 2))];
| test_array [0] = 0;
| return test_array [0];
| 
|   ;
|   return 0;
| }
configure:13093: result: yes
configure:13104: checking for uint16_t
configure:13104: gcc -c -fPIC  conftest.c >&5
configure:13104: $? = 0
configure:13104: result: yes
configure:13120: checking for stdlib.h
configure:13120: result: yes
configure:13130: checking for GNU libc compatible malloc
configure:13154: gcc -o conftest.exe -fPIC   conftest.c  >&5
configure:13154: $? = 0
configure:13154: ./conftest.exe
configure:13154: $? = 0
configure:13164: result: yes
configure:13185: checking for working memcmp
configure:13228: gcc -o conftest.exe -fPIC   conftest.c  >&5
configure:13228: $? = 0
configure:13228: ./conftest.exe
configure:13228: $? = 0
configure:13238: result: yes
configure:13250: checking for floor
configure:13250: gcc -o conftest.exe -fPIC   conftest.c  >&5
conftest.c:53:6: warning: conflicting types for built-in function 'floor'; expected 'double(double)' [-Wbuiltin-declaration-mismatch]
   53 | char floor ();
      |      ^~~~~
conftest.c:41:1: note: 'floor' is declared in header '<math.h>'
   40 | # include <limits.h>
   41 | #else
configure:13250: $? = 0
configure:13250: result: yes
configure:13250: checking for memmove
configure:13250: gcc -o conftest.exe -fPIC   conftest.c  >&5
conftest.c:54:6: warning: conflicting types for built-in function 'memmove'; expected 'void *(void *, const void *, unsigned int)' [-Wbuiltin-declaration-mismatch]
   54 | char memmove ();
      |      ^~~~~~~
conftest.c:42:1: note: 'memmove' is declared in header '<string.h>'
   41 | # include <limits.h>
   42 | #else
configure:13250: $? = 0
configure:13250: result: yes
configure:13250: checking for memset
configure:13250: gcc -o conftest.exe -fPIC   conftest.c  >&5
conftest.c:55:6: warning: conflicting types for built-in function 'memset'; expected 'void *(void *, int,  unsigned int)' [-Wbuiltin-declaration-mismatch]
   55 | char memset ();
      |      ^~~~~~
conftest.c:43:1: note: 'memset' is declared in header '<string.h>'
   42 | # include <limits.h>
   43 | #else
configure:13250: $? = 0
configure:13250: result: yes
configure:13250: checking for pow
configure:13250: gcc -o conftest.exe -fPIC   conftest.c  >&5
conftest.c:56:6: warning: conflicting types for built-in function 'pow'; expected 'double(double,  double)' [-Wbuiltin-declaration-mismatch]
   56 | char pow ();
      |      ^~~
conftest.c:44:1: note: 'pow' is declared in header '<math.h>'
   43 | # include <limits.h>
   44 | #else
configure:13250: $? = 0
configure:13250: result: yes
configure:13250: checking for sqrt
configure:13250: gcc -o conftest.exe -fPIC   conftest.c  >&5
conftest.c:57:6: warning: conflicting types for built-in function 'sqrt'; expected 'double(double)' [-Wbuiltin-declaration-mismatch]
   57 | char sqrt ();
      |      ^~~~
conftest.c:45:1: note: 'sqrt' is declared in header '<math.h>'
   44 | # include <limits.h>
   45 | #else
configure:13250: $? = 0
configure:13250: result: yes
configure:13287: checking for fftw3 library at /usr 
configure:13316: WARNING: not found
configure:13319: checking for fftw3 library at /usr/local 
configure:13362: WARNING: not found, building without fftw3
configure:13383: checking for pkg-config
configure:13399: found /usr/bin/pkg-config
configure:13411: result: yes
configure:13565: checking that generated files are newer than configure
configure:13571: result: done
configure:13598: creating ./config.status

## ---------------------- ##
## Running config.status. ##
## ---------------------- ##

This file was extended by libaacplus config.status 2.0.2, which was
generated by GNU Autoconf 2.69.  Invocation command line was

  CONFIG_FILES    = 
  CONFIG_HEADERS  = 
  CONFIG_LINKS    = 
  CONFIG_COMMANDS = 
  $ ./config.status 

on LAPTOP-2S9MNP3G

config.status:1139: creating aacplus.spec
config.status:1139: creating aacplus-config
config.status:1247: WARNING:  'aacplus-config.in' seems to ignore the --datarootdir setting
config.status:1139: creating aacplus.pc
config.status:1139: creating Makefile
config.status:1139: creating src/Makefile
config.status:1139: creating patches/Makefile
config.status:1139: creating include/Makefile
config.status:1139: creating frontend/Makefile
config.status:1139: creating config.h
config.status:1320: config.h is unchanged
config.status:1368: executing depfiles commands
config.status:1445: cd src       && sed -e '/# am--include-marker/d' Makefile         | make -f - am--depfiles
make: Nothing to be done for 'am--depfiles'.
config.status:1450: $? = 0
config.status:1445: cd frontend       && sed -e '/# am--include-marker/d' Makefile         | make -f - am--depfiles
make: Nothing to be done for 'am--depfiles'.
config.status:1450: $? = 0
config.status:1368: executing libtool commands

## ---------------- ##
## Cache variables. ##
## ---------------- ##

ac_cv_build=i686-w64-mingw32
ac_cv_c_compiler_gnu=yes
ac_cv_c_const=yes
ac_cv_c_int16_t=yes
ac_cv_c_int32_t=yes
ac_cv_c_int8_t=yes
ac_cv_c_uint16_t=yes
ac_cv_downloader_prog='/usr/bin/wget -N'
ac_cv_env_CC_set=
ac_cv_env_CC_value=
ac_cv_env_CFLAGS_set=set
ac_cv_env_CFLAGS_value=-fPIC
ac_cv_env_CPPFLAGS_set=
ac_cv_env_CPPFLAGS_value=
ac_cv_env_CPP_set=
ac_cv_env_CPP_value=
ac_cv_env_LDFLAGS_set=
ac_cv_env_LDFLAGS_value=
ac_cv_env_LIBS_set=
ac_cv_env_LIBS_value=
ac_cv_env_LT_SYS_LIBRARY_PATH_set=
ac_cv_env_LT_SYS_LIBRARY_PATH_value=
ac_cv_env_build_alias_set=
ac_cv_env_build_alias_value=
ac_cv_env_host_alias_set=
ac_cv_env_host_alias_value=
ac_cv_env_target_alias_set=
ac_cv_env_target_alias_value=
ac_cv_exeext=.exe
ac_cv_file__bin_bash=yes
ac_cv_func_floor=yes
ac_cv_func_malloc_0_nonnull=yes
ac_cv_func_memcmp_working=yes
ac_cv_func_memmove=yes
ac_cv_func_memset=yes
ac_cv_func_pow=yes
ac_cv_func_sqrt=yes
ac_cv_header_dlfcn_h=no
ac_cv_header_float_h=yes
ac_cv_header_inttypes_h=yes
ac_cv_header_memory_h=yes
ac_cv_header_stdc=yes
ac_cv_header_stdint_h=yes
ac_cv_header_stdlib_h=yes
ac_cv_header_string_h=yes
ac_cv_header_strings_h=yes
ac_cv_header_sys_stat_h=yes
ac_cv_header_sys_types_h=yes
ac_cv_header_unistd_h=yes
ac_cv_host=i686-w64-mingw32
ac_cv_objext=o
ac_cv_parameter_expansion_string_replace_capable_shell=/bin/bash
ac_cv_path_DOWNLOADER_PROG_CMD=/usr/bin/wget
ac_cv_path_EGREP='/usr/bin/grep -E'
ac_cv_path_FGREP='/usr/bin/grep -F'
ac_cv_path_GREP=/usr/bin/grep
ac_cv_path_PATCH=/usr/bin/patch
ac_cv_path_SED=/usr/bin/sed
ac_cv_path_UNZIP=/usr/bin/unzip
ac_cv_path_install='/usr/bin/install -c'
ac_cv_path_lt_DD=/usr/bin/dd
ac_cv_path_mkdir=/usr/bin/mkdir
ac_cv_prog_AWK=gawk
ac_cv_prog_CPP='gcc -E'
ac_cv_prog_PKGCONFIG=yes
ac_cv_prog_ac_ct_AR=ar
ac_cv_prog_ac_ct_AS=as
ac_cv_prog_ac_ct_CC=gcc
ac_cv_prog_ac_ct_DLLTOOL=dlltool
ac_cv_prog_ac_ct_OBJDUMP=objdump
ac_cv_prog_ac_ct_RANLIB=ranlib
ac_cv_prog_ac_ct_STRIP=strip
ac_cv_prog_cc_c89=
ac_cv_prog_cc_g=yes
ac_cv_prog_make_make_set=yes
ac_cv_search_sqrt='none required'
am_cv_CC_dependencies_compiler_type=gcc3
am_cv_make_support_nested_variables=yes
am_cv_prog_cc_c_o=yes
lt_cv_ar_at_file=@
lt_cv_deplibs_check_method='file_magic ^x86 archive import|^x86 DLL'
lt_cv_file_magic_cmd=func_win32_libid
lt_cv_file_magic_test_file=
lt_cv_ld_reload_flag=-r
lt_cv_nm_interface='BSD nm'
lt_cv_objdir=.libs
lt_cv_path_LD=D:/msys64/mingw32/i686-w64-mingw32/bin/ld.exe
lt_cv_path_NM='/mingw32/bin/nm -B'
lt_cv_path_mainfest_tool=no
lt_cv_prog_compiler_c_o=yes
lt_cv_prog_compiler_pic='-DDLL_EXPORT -DPIC'
lt_cv_prog_compiler_pic_works=yes
lt_cv_prog_compiler_rtti_exceptions=no
lt_cv_prog_compiler_static_works=yes
lt_cv_prog_gnu_ld=yes
lt_cv_sharedlib_from_linklib_cmd=func_cygming_dll_for_implib
lt_cv_sys_global_symbol_pipe='sed -n -e '\''s/^.*[	 ]\([ABCDGIRSTW][ABCDGIRSTW]*\)[	 ][	 ]*_\([_A-Za-z][_A-Za-z0-9]*\)\{0,1\}$/\1 _\2 \2/p'\'' | sed '\''/ __gnu_lto/d'\'''
lt_cv_sys_global_symbol_to_c_name_address='sed -n -e '\''s/^: \(.*\) .*$/  {"\1", (void *) 0},/p'\'' -e '\''s/^[ABCDGIRSTW][ABCDGIRSTW]* .* \(.*\)$/  {"\1", (void *) \&\1},/p'\'''
lt_cv_sys_global_symbol_to_c_name_address_lib_prefix='sed -n -e '\''s/^: \(.*\) .*$/  {"\1", (void *) 0},/p'\'' -e '\''s/^[ABCDGIRSTW][ABCDGIRSTW]* .* \(lib.*\)$/  {"\1", (void *) \&\1},/p'\'' -e '\''s/^[ABCDGIRSTW][ABCDGIRSTW]* .* \(.*\)$/  {"lib\1", (void *) \&\1},/p'\'''
lt_cv_sys_global_symbol_to_cdecl='sed -n -e '\''s/^T .* \(.*\)$/extern int \1();/p'\'' -e '\''s/^[ABCDGIRSTW][ABCDGIRSTW]* .* \(.*\)$/extern char \1;/p'\'''
lt_cv_sys_global_symbol_to_import=
lt_cv_sys_max_cmd_len=8192
lt_cv_to_host_file_cmd=func_convert_file_msys_to_w32
lt_cv_to_tool_file_cmd=func_convert_file_msys_to_w32
lt_cv_truncate_bin='/usr/bin/dd bs=4096 count=1'

## ----------------- ##
## Output variables. ##
## ----------------- ##

AACPLUS_CFLAGS=''
AACPLUS_CPPFLAGS='-I '
AACPLUS_LIBS='-laacplus -lm '
AACPLUS_REQUIRES=''
ACLOCAL='${SHELL} /home/gxh/works/huichang/svc_codec/bizconf_svc_codec/ffmpeg-linux/libaacplus-2.0.2-win/missing aclocal-1.16'
AMDEPBACKSLASH='\'
AMDEP_FALSE='#'
AMDEP_TRUE=''
AMTAR='$${TAR-tar}'
AM_BACKSLASH='\'
AM_DEFAULT_V='$(AM_DEFAULT_VERBOSITY)'
AM_DEFAULT_VERBOSITY='1'
AM_V='$(V)'
AR='ar'
AS='as'
ASH=''
AUTOCONF='${SHELL} /home/gxh/works/huichang/svc_codec/bizconf_svc_codec/ffmpeg-linux/libaacplus-2.0.2-win/missing autoconf'
AUTOHEADER='${SHELL} /home/gxh/works/huichang/svc_codec/bizconf_svc_codec/ffmpeg-linux/libaacplus-2.0.2-win/missing autoheader'
AUTOMAKE='${SHELL} /home/gxh/works/huichang/svc_codec/bizconf_svc_codec/ffmpeg-linux/libaacplus-2.0.2-win/missing automake-1.16'
AWK='gawk'
BASH='/bin/bash'
CC='gcc'
CCDEPMODE='depmode=gcc3'
CFLAGS='-fPIC'
CPP='gcc -E'
CPPFLAGS=''
CYGPATH_W='cygpath -w'
DEBUG=''
DEFS='-DHAVE_CONFIG_H'
DEPDIR='.deps'
DLLTOOL='dlltool'
DOWNLOADER_PROG='/usr/bin/wget -N'
DOWNLOADER_PROG_CMD='/usr/bin/wget'
DSYMUTIL=''
DUMPBIN=''
ECHO_C=''
ECHO_N='-n'
ECHO_T=''
EGREP='/usr/bin/grep -E'
EXEEXT='.exe'
FFTW3_CFLAGS=''
FFTW3_INCFLAGS=''
FFTW3_LDFLAGS=''
FFTW3_LIB=''
FGREP='/usr/bin/grep -F'
GREP='/usr/bin/grep'
HAVE_PKGCONFIG_FALSE='#'
HAVE_PKGCONFIG_TRUE=''
INSTALL_DATA='${INSTALL} -m 644'
INSTALL_PROGRAM='${INSTALL}'
INSTALL_SCRIPT='${INSTALL}'
INSTALL_STRIP_PROGRAM='$(install_sh) -c -s'
LD='D:/msys64/mingw32/i686-w64-mingw32/bin/ld.exe'
LDFLAGS=''
LIBOBJS=''
LIBS=''
LIBTOOL='$(SHELL) $(top_builddir)/libtool'
LIBTOOL_DEPS='./ltmain.sh'
LIPO=''
LN_S='cp -pR'
LTLIBOBJS=''
LT_SYS_LIBRARY_PATH=''
MAKEINFO='${SHELL} /home/gxh/works/huichang/svc_codec/bizconf_svc_codec/ffmpeg-linux/libaacplus-2.0.2-win/missing makeinfo'
MANIFEST_TOOL=':'
MKDIR_P='/usr/bin/mkdir -p'
NM='/mingw32/bin/nm -B'
NMEDIT=''
OBJDUMP='objdump'
OBJEXT='o'
OPT=''
OTOOL64=''
OTOOL=''
PACKAGE='libaacplus'
PACKAGE_BUGREPORT='Sergiy Guriev <piratfm@ua.fm>'
PACKAGE_NAME='libaacplus'
PACKAGE_STRING='libaacplus 2.0.2'
PACKAGE_TARNAME='libaacplus'
PACKAGE_URL=''
PACKAGE_VERSION='2.0.2'
PARAMETER_EXPANSION_STRING_REPLACE_CAPABLE_SHELL='/bin/bash'
PATCH='/usr/bin/patch'
PATH_SEPARATOR=':'
PKGCONFIG='yes'
PROFILE=''
RANLIB='ranlib'
SED='/usr/bin/sed'
SET_MAKE=''
SHELL='/bin/sh'
STRIP='strip'
UNZIP='/usr/bin/unzip'
VERSION='2.0.2'
ac_ct_AR='ar'
ac_ct_CC='gcc'
ac_ct_DUMPBIN=''
am__EXEEXT_FALSE='#'
am__EXEEXT_TRUE=''
am__fastdepCC_FALSE='#'
am__fastdepCC_TRUE=''
am__include='include'
am__isrc=''
am__leading_dot='.'
am__nodep='_no'
am__quote=''
am__tar='$${TAR-tar} chof - "$$tardir"'
am__untar='$${TAR-tar} xf -'
bindir='${exec_prefix}/bin'
build='i686-w64-mingw32'
build_alias='i686-w64-mingw32'
build_cpu='i686'
build_os='mingw32'
build_vendor='w64'
datadir='${datarootdir}'
datarootdir='${prefix}/share'
docdir='${datarootdir}/doc/${PACKAGE_TARNAME}'
dvidir='${docdir}'
exec_prefix='${prefix}'
host='i686-w64-mingw32'
host_alias=''
host_cpu='i686'
host_os='mingw32'
host_vendor='w64'
htmldir='${docdir}'
includedir='${prefix}/include'
infodir='${datarootdir}/info'
install_sh='${SHELL} /home/gxh/works/huichang/svc_codec/bizconf_svc_codec/ffmpeg-linux/libaacplus-2.0.2-win/install-sh'
libdir='${exec_prefix}/lib'
libexecdir='${exec_prefix}/libexec'
localedir='${datarootdir}/locale'
localstatedir='${prefix}/var'
mandir='${datarootdir}/man'
mkdir_p='$(MKDIR_P)'
oldincludedir='/usr/include'
pdfdir='${docdir}'
prefix='/mingw32'
program_transform_name='s,x,x,'
psdir='${docdir}'
sbindir='${exec_prefix}/sbin'
sharedstatedir='${prefix}/com'
sysconfdir='${prefix}/etc'
target_alias=''

## ----------- ##
## confdefs.h. ##
## ----------- ##

/* confdefs.h */
#define PACKAGE_NAME "libaacplus"
#define PACKAGE_TARNAME "libaacplus"
#define PACKAGE_VERSION "2.0.2"
#define PACKAGE_STRING "libaacplus 2.0.2"
#define PACKAGE_BUGREPORT "Sergiy Guriev <piratfm@ua.fm>"
#define PACKAGE_URL ""
#define PACKAGE "libaacplus"
#define VERSION "2.0.2"
#define STDC_HEADERS 1
#define HAVE_SYS_TYPES_H 1
#define HAVE_SYS_STAT_H 1
#define HAVE_STDLIB_H 1
#define HAVE_STRING_H 1
#define HAVE_MEMORY_H 1
#define HAVE_STRINGS_H 1
#define HAVE_INTTYPES_H 1
#define HAVE_STDINT_H 1
#define HAVE_UNISTD_H 1
#define LT_OBJDIR ".libs/"
#define STDC_HEADERS 1
#define HAVE_FLOAT_H 1
#define HAVE_MEMORY_H 1
#define HAVE_STDINT_H 1
#define HAVE_STDLIB_H 1
#define HAVE_STRING_H 1
#define HAVE_STDLIB_H 1
#define HAVE_MALLOC 1
#define HAVE_FLOOR 1
#define HAVE_MEMMOVE 1
#define HAVE_MEMSET 1
#define HAVE_POW 1
#define HAVE_SQRT 1

configure: exit 0

## ---------------------- ##
## Running config.status. ##
## ---------------------- ##

This file was extended by libaacplus config.status 2.0.2, which was
generated by GNU Autoconf 2.69.  Invocation command line was

  CONFIG_FILES    = 
  CONFIG_HEADERS  = 
  CONFIG_LINKS    = 
  CONFIG_COMMANDS = 
  $ ./config.status config.h

on LAPTOP-2S9MNP3G

config.status:1139: creating config.h
config.status:1320: config.h is unchanged
