This file contains any messages produced by compilers while
running configure, to aid debugging if configure makes a mistake.

It was created by libaacplus configure 2.0.2, which was
generated by GNU Autoconf 2.69.  Invocation command line was

  $ ./configure --enable-static --disable-shared

## --------- ##
## Platform. ##
## --------- ##

hostname = gxh-u16-2
uname -m = x86_64
uname -r = 4.15.0-126-generic
uname -s = Linux
uname -v = #129~16.04.1-Ubuntu SMP Tue Nov 24 11:22:40 UTC 2020

/usr/bin/uname -p = unknown
/bin/uname -X     = unknown

/bin/arch              = unknown
/usr/bin/arch -k       = unknown
/usr/convex/getsysinfo = unknown
/usr/bin/hostinfo      = unknown
/bin/machine           = unknown
/usr/bin/oslevel       = unknown
/bin/universe          = unknown

PATH: /home/xiaohuigao/bin
PATH: /home/xiaohuigao/.local/bin
PATH: /usr/local/sbin
PATH: /usr/local/bin
PATH: /usr/sbin
PATH: /usr/bin
PATH: /sbin
PATH: /bin
PATH: /usr/games
PATH: /usr/local/games
PATH: /snap/bin


## ----------- ##
## Core tests. ##
## ----------- ##

configure:2434: checking for a BSD-compatible install
configure:2502: result: /usr/bin/install -c
configure:2513: checking whether build environment is sane
configure:2568: result: yes
configure:2717: checking for a thread-safe mkdir -p
configure:2756: result: /bin/mkdir -p
configure:2763: checking for gawk
configure:2793: result: no
configure:2763: checking for mawk
configure:2779: found /usr/bin/mawk
configure:2790: result: mawk
configure:2801: checking whether make sets $(MAKE)
configure:2823: result: yes
configure:2852: checking whether make supports nested variables
configure:2869: result: yes
configure:3048: checking for gcc
configure:3064: found /usr/bin/gcc
configure:3075: result: gcc
configure:3304: checking for C compiler version
configure:3313: gcc --version >&5
gcc (Uos 8.3.0.3-3+rebuild) 8.3.0
Copyright (C) 2018 Free Software Foundation, Inc.
This is free software; see the source for copying conditions.  There is NO
warranty; not even for MERCHANTABILITY or FITNESS FOR A PARTICULAR PURPOSE.

configure:3324: $? = 0
configure:3313: gcc -v >&5
Using built-in specs.
COLLECT_GCC=gcc
COLLECT_LTO_WRAPPER=/usr/lib/gcc/x86_64-linux-gnu/8/lto-wrapper
OFFLOAD_TARGET_NAMES=nvptx-none
OFFLOAD_TARGET_DEFAULT=1
Target: x86_64-linux-gnu
Configured with: ../src/configure -v --with-pkgversion='Uos 8.3.0.3-3+rebuild' --with-bugurl=file:///usr/share/doc/gcc-8/README.Bugs --enable-languages=c,ada,c++,go,brig,d,fortran,objc,obj-c++ --prefix=/usr --with-gcc-major-version-only --program-suffix=-8 --program-prefix=x86_64-linux-gnu- --enable-shared --enable-linker-build-id --libexecdir=/usr/lib --without-included-gettext --enable-threads=posix --libdir=/usr/lib --enable-nls --enable-bootstrap --enable-clocale=gnu --enable-libstdcxx-debug --enable-libstdcxx-time=yes --with-default-libstdcxx-abi=new --enable-gnu-unique-object --disable-vtable-verify --enable-libmpx --enable-plugin --with-system-zlib --with-target-system-zlib --enable-objc-gc=auto --enable-multiarch --disable-werror --with-arch-32=i686 --with-abi=m64 --with-multilib-list=m32,m64,mx32 --enable-multilib --with-tune=generic --enable-offload-targets=nvptx-none --without-cuda-driver --enable-checking=release --build=x86_64-linux-gnu --host=x86_64-linux-gnu --target=x86_64-linux-gnu
Thread model: posix
gcc version 8.3.0 (Uos 8.3.0.3-3+rebuild) 
configure:3324: $? = 0
configure:3313: gcc -V >&5
gcc: error: unrecognized command line option '-V'
gcc: fatal error: no input files
compilation terminated.
configure:3324: $? = 1
configure:3313: gcc -qversion >&5
gcc: error: unrecognized command line option '-qversion'; did you mean '--version'?
gcc: fatal error: no input files
compilation terminated.
configure:3324: $? = 1
configure:3344: checking whether the C compiler works
configure:3366: gcc -fPIC   conftest.c  >&5
configure:3370: $? = 0
configure:3418: result: yes
configure:3421: checking for C compiler default output file name
configure:3423: result: a.out
configure:3429: checking for suffix of executables
configure:3436: gcc -o conftest -fPIC   conftest.c  >&5
configure:3440: $? = 0
configure:3462: result: 
configure:3484: checking whether we are cross compiling
configure:3492: gcc -o conftest -fPIC   conftest.c  >&5
configure:3496: $? = 0
configure:3503: ./conftest
configure:3507: $? = 0
configure:3495: result: no
configure:3500: checking for suffix of object files
configure:3522: gcc -c -fPIC  conftest.c >&5
configure:3526: $? = 0
configure:3547: result: o
configure:3551: checking whether we are using the GNU C compiler
configure:3570: gcc -c -fPIC  conftest.c >&5
configure:3570: $? = 0
configure:3579: result: yes
configure:3588: checking whether gcc accepts -g
configure:3608: gcc -c -g  conftest.c >&5
configure:3608: $? = 0
configure:3649: result: yes
configure:3666: checking for gcc option to accept ISO C89
configure:3729: gcc  -c -fPIC  conftest.c >&5
configure:3729: $? = 0
configure:3742: result: none needed
configure:3767: checking whether gcc understands -c and -o together
configure:3789: gcc -c conftest.c -o conftest2.o
configure:3792: $? = 0
configure:3789: gcc -c conftest.c -o conftest2.o
configure:3792: $? = 0
configure:3804: result: yes
configure:3832: checking for style of include used by make
configure:3860: result: GNU
configure:3886: checking dependency style of gcc
configure:3997: result: gcc3
configure:4018: checking how to run the C preprocessor
configure:4049: gcc -E  conftest.c
configure:4049: $? = 0
configure:4063: gcc -E  conftest.c
conftest.c:11:10: fatal error: ac_nonexistent.h: No such file or directory
 #include <ac_nonexistent.h>
          ^~~~~~~~~~~~~~~~~~
compilation terminated.
configure:4063: $? = 1
configure: failed program was:
| /* confdefs.h */
| #define PACKAGE_NAME "libaacplus"
| #define PACKAGE_TARNAME "libaacplus"
| #define PACKAGE_VERSION "2.0.2"
| #define PACKAGE_STRING "libaacplus 2.0.2"
| #define PACKAGE_BUGREPORT "Sergiy Guriev <piratfm@ua.fm>"
| #define PACKAGE_URL ""
| #define PACKAGE "libaacplus"
| #define VERSION "2.0.2"
| /* end confdefs.h.  */
| #include <ac_nonexistent.h>
configure:4088: result: gcc -E
configure:4108: gcc -E  conftest.c
configure:4108: $? = 0
configure:4122: gcc -E  conftest.c
conftest.c:11:10: fatal error: ac_nonexistent.h: No such file or directory
 #include <ac_nonexistent.h>
          ^~~~~~~~~~~~~~~~~~
compilation terminated.
configure:4122: $? = 1
configure: failed program was:
| /* confdefs.h */
| #define PACKAGE_NAME "libaacplus"
| #define PACKAGE_TARNAME "libaacplus"
| #define PACKAGE_VERSION "2.0.2"
| #define PACKAGE_STRING "libaacplus 2.0.2"
| #define PACKAGE_BUGREPORT "Sergiy Guriev <piratfm@ua.fm>"
| #define PACKAGE_URL ""
| #define PACKAGE "libaacplus"
| #define VERSION "2.0.2"
| /* end confdefs.h.  */
| #include <ac_nonexistent.h>
configure:4151: checking whether ln -s works
configure:4155: result: yes
configure:4162: checking whether make sets $(MAKE)
configure:4184: result: yes
configure:4197: checking build system type
configure:4211: result: x86_64-pc-linux-gnu
configure:4231: checking host system type
configure:4244: result: x86_64-pc-linux-gnu
configure:4613: checking how to print strings
configure:4640: result: printf
configure:4661: checking for a sed that does not truncate output
configure:4725: result: /bin/sed
configure:4743: checking for grep that handles long lines and -e
configure:4801: result: /bin/grep
configure:4806: checking for egrep
configure:4868: result: /bin/grep -E
configure:4873: checking for fgrep
configure:4935: result: /bin/grep -F
configure:4970: checking for ld used by gcc
configure:5037: result: /usr/bin/ld
configure:5044: checking if the linker (/usr/bin/ld) is GNU ld
configure:5059: result: yes
configure:5071: checking for BSD- or MS-compatible name lister (nm)
configure:5125: result: /usr/bin/nm -B
configure:5255: checking the name lister (/usr/bin/nm -B) interface
configure:5262: gcc -c -fPIC  conftest.c >&5
configure:5265: /usr/bin/nm -B "conftest.o"
configure:5268: output
0000000000000000 B some_variable
configure:5269: result: BSD nm
configure:5273: checking the maximum length of command line arguments
configure:5404: result: 1572864
configure:5452: checking how to convert x86_64-pc-linux-gnu file names to x86_64-pc-linux-gnu format
configure:5492: result: func_convert_file_noop
configure:5499: checking how to convert x86_64-pc-linux-gnu file names to toolchain format
configure:5519: result: func_convert_file_noop
configure:5526: checking for /usr/bin/ld option to reload object files
configure:5533: result: -r
configure:5607: checking for objdump
configure:5634: result: objdump
configure:5663: checking how to recognize dependent libraries
configure:5863: result: pass_all
configure:5948: checking for dlltool
configure:5975: result: dlltool
configure:6005: checking how to associate runtime and link libraries
configure:6032: result: printf %s\n
configure:6093: checking for ar
configure:6109: found /usr/bin/ar
configure:6120: result: ar
configure:6157: checking for archiver @FILE support
configure:6174: gcc -c -fPIC  conftest.c >&5
configure:6174: $? = 0
configure:6177: ar cru libconftest.a @conftest.lst >&5
ar: `u' modifier ignored since `D' is the default (see `U')
configure:6180: $? = 0
configure:6185: ar cru libconftest.a @conftest.lst >&5
ar: `u' modifier ignored since `D' is the default (see `U')
ar: conftest.o: No such file or directory
configure:6188: $? = 1
configure:6187: result: @
configure:6245: checking for strip
configure:6261: found /usr/bin/strip
configure:6272: result: strip
configure:6344: checking for ranlib
configure:6360: found /usr/bin/ranlib
configure:6371: result: ranlib
configure:6473: checking command to parse /usr/bin/nm -B output from gcc object
configure:6626: gcc -c -fPIC  conftest.c >&5
configure:6629: $? = 0
configure:6633: /usr/bin/nm -B conftest.o \| sed -n -e 's/^.*[ ]\([ABCDGIRSTW][ABCDGIRSTW]*\)[ ][ ]*\([_A-Za-z][_A-Za-z0-9]*\)$/\1 \2 \2/p' | sed '/ __gnu_lto/d' \> conftest.nm
configure:6636: $? = 0
configure:6702: gcc -o conftest -fPIC   conftest.c conftstm.o >&5
configure:6705: $? = 0
configure:6743: result: ok
configure:6790: checking for sysroot
configure:6820: result: no
configure:6827: checking for a working dd
configure:6865: result: /bin/dd
configure:6869: checking how to truncate binary pipes
configure:6884: result: /bin/dd bs=4096 count=1
configure:7020: gcc -c -fPIC  conftest.c >&5
configure:7023: $? = 0
configure:7213: checking for mt
configure:7229: found /bin/mt
configure:7240: result: mt
configure:7263: checking if mt is a manifest tool
configure:7269: mt '-?'
configure:7277: result: no
configure:7950: checking for ANSI C header files
configure:7970: gcc -c -fPIC  conftest.c >&5
configure:7970: $? = 0
configure:8043: gcc -o conftest -fPIC   conftest.c  >&5
configure:8043: $? = 0
configure:8043: ./conftest
configure:8043: $? = 0
configure:8054: result: yes
configure:8067: checking for sys/types.h
configure:8067: gcc -c -fPIC  conftest.c >&5
configure:8067: $? = 0
configure:8067: result: yes
configure:8067: checking for sys/stat.h
configure:8067: gcc -c -fPIC  conftest.c >&5
configure:8067: $? = 0
configure:8067: result: yes
configure:8067: checking for stdlib.h
configure:8067: gcc -c -fPIC  conftest.c >&5
configure:8067: $? = 0
configure:8067: result: yes
configure:8067: checking for string.h
configure:8067: gcc -c -fPIC  conftest.c >&5
configure:8067: $? = 0
configure:8067: result: yes
configure:8067: checking for memory.h
configure:8067: gcc -c -fPIC  conftest.c >&5
configure:8067: $? = 0
configure:8067: result: yes
configure:8067: checking for strings.h
configure:8067: gcc -c -fPIC  conftest.c >&5
configure:8067: $? = 0
configure:8067: result: yes
configure:8067: checking for inttypes.h
configure:8067: gcc -c -fPIC  conftest.c >&5
configure:8067: $? = 0
configure:8067: result: yes
configure:8067: checking for stdint.h
configure:8067: gcc -c -fPIC  conftest.c >&5
configure:8067: $? = 0
configure:8067: result: yes
configure:8067: checking for unistd.h
configure:8067: gcc -c -fPIC  conftest.c >&5
configure:8067: $? = 0
configure:8067: result: yes
configure:8081: checking for dlfcn.h
configure:8081: gcc -c -fPIC  conftest.c >&5
configure:8081: $? = 0
configure:8081: result: yes
configure:8335: checking for objdir
configure:8350: result: .libs
configure:8614: checking if gcc supports -fno-rtti -fno-exceptions
configure:8632: gcc -c -fPIC  -fno-rtti -fno-exceptions conftest.c >&5
cc1: warning: command line option '-fno-rtti' is valid for C++/ObjC++ but not for C
configure:8636: $? = 0
configure:8649: result: no
configure:9007: checking for gcc option to produce PIC
configure:9014: result: -fPIC -DPIC
configure:9022: checking if gcc PIC flag -fPIC -DPIC works
configure:9040: gcc -c -fPIC  -fPIC -DPIC -DPIC conftest.c >&5
configure:9044: $? = 0
configure:9057: result: yes
configure:9086: checking if gcc static flag -static works
configure:9114: result: yes
configure:9129: checking if gcc supports -c -o file.o
configure:9150: gcc -c -fPIC  -o out/conftest2.o conftest.c >&5
configure:9154: $? = 0
configure:9176: result: yes
configure:9184: checking if gcc supports -c -o file.o
configure:9231: result: yes
configure:9264: checking whether the gcc linker (/usr/bin/ld -m elf_x86_64) supports shared libraries
configure:10527: result: yes
configure:10767: checking dynamic linker characteristics
configure:11348: gcc -o conftest -fPIC   -Wl,-rpath -Wl,/foo conftest.c  >&5
configure:11348: $? = 0
configure:11597: result: GNU/Linux ld.so
configure:11719: checking how to hardcode library paths into programs
configure:11744: result: immediate
configure:12292: checking whether stripping libraries is possible
configure:12297: result: yes
configure:12332: checking if libtool supports shared libraries
configure:12334: result: yes
configure:12337: checking whether to build shared libraries
configure:12362: result: no
configure:12365: checking whether to build static libraries
configure:12369: result: yes
configure:9184: checking for unzip
configure:9202: found /usr/bin/unzip
configure:9214: result: /usr/bin/unzip
configure:9227: checking for patch
configure:9245: found /usr/bin/patch
configure:9257: result: /usr/bin/patch
configure:9278: checking for /bin/bash
configure:9291: result: yes
configure:9416: checking for parameter expansion string replace capable shell
configure:9432: result: /bin/bash
configure:9458: checking for wget
configure:9476: found /usr/bin/wget
configure:9488: result: /usr/bin/wget
configure:9503: checking for web downloading command
configure:9532: result: /usr/bin/wget -N
configure:9546: checking for library containing sqrt
configure:9577: gcc -o conftest -fPIC   conftest.c  >&5
conftest.c:30:6: warning: conflicting types for built-in function 'sqrt' [-Wbuiltin-declaration-mismatch]
 char sqrt ();
      ^~~~
/usr/bin/ld: /tmp/cc6Nhl76.o: in function `main':
conftest.c:(.text+0xa): undefined reference to `sqrt'
collect2: error: ld returned 1 exit status
configure:9577: $? = 1
configure: failed program was:
| /* confdefs.h */
| #define PACKAGE_NAME "libaacplus"
| #define PACKAGE_TARNAME "libaacplus"
| #define PACKAGE_VERSION "2.0.2"
| #define PACKAGE_STRING "libaacplus 2.0.2"
| #define PACKAGE_BUGREPORT "Sergiy Guriev <piratfm@ua.fm>"
| #define PACKAGE_URL ""
| #define PACKAGE "libaacplus"
| #define VERSION "2.0.2"
| #define STDC_HEADERS 1
| #define HAVE_SYS_TYPES_H 1
| #define HAVE_SYS_STAT_H 1
| #define HAVE_STDLIB_H 1
| #define HAVE_STRING_H 1
| #define HAVE_MEMORY_H 1
| #define HAVE_STRINGS_H 1
| #define HAVE_INTTYPES_H 1
| #define HAVE_STDINT_H 1
| #define HAVE_UNISTD_H 1
| #define HAVE_DLFCN_H 1
| #define LT_OBJDIR ".libs/"
| /* end confdefs.h.  */
| 
| /* Override any GCC internal prototype to avoid an error.
|    Use char because int might match the return type of a GCC
|    builtin and then its argument prototype would still apply.  */
| #ifdef __cplusplus
| extern "C"
| #endif
| char sqrt ();
| int
| main ()
| {
| return sqrt ();
|   ;
|   return 0;
| }
configure:9577: gcc -o conftest -fPIC   conftest.c -lm   >&5
conftest.c:30:6: warning: conflicting types for built-in function 'sqrt' [-Wbuiltin-declaration-mismatch]
 char sqrt ();
      ^~~~
configure:9577: $? = 0
configure:9594: result: -lm
configure:9604: checking for ANSI C header files
configure:9708: result: yes
configure:9719: checking float.h usability
configure:9719: gcc -c -fPIC  conftest.c >&5
configure:9719: $? = 0
configure:9719: result: yes
configure:9719: checking float.h presence
configure:9719: gcc -E  conftest.c
configure:9719: $? = 0
configure:9719: result: yes
configure:9719: checking for float.h
configure:9719: result: yes
configure:9719: checking for memory.h
configure:9719: result: yes
configure:9719: checking for stdint.h
configure:9719: result: yes
configure:9719: checking for stdlib.h
configure:9719: result: yes
configure:9719: checking for string.h
configure:9719: result: yes
configure:9735: checking for an ANSI C-conforming const
configure:9801: gcc -c -fPIC  conftest.c >&5
configure:9801: $? = 0
configure:9808: result: yes
configure:9816: checking for int16_t
configure:9816: gcc -c -fPIC  conftest.c >&5
configure:9816: $? = 0
configure:9816: gcc -c -fPIC  conftest.c >&5
conftest.c: In function 'main':
conftest.c:66:12: error: size of array 'test_array' is negative
 static int test_array [1 - 2 * !((int16_t) (((((int16_t) 1 << N) << N) - 1) * 2 + 1)
            ^~~~~~~~~~
configure:9816: $? = 1
configure: failed program was:
| /* confdefs.h */
| #define PACKAGE_NAME "libaacplus"
| #define PACKAGE_TARNAME "libaacplus"
| #define PACKAGE_VERSION "2.0.2"
| #define PACKAGE_STRING "libaacplus 2.0.2"
| #define PACKAGE_BUGREPORT "Sergiy Guriev <piratfm@ua.fm>"
| #define PACKAGE_URL ""
| #define PACKAGE "libaacplus"
| #define VERSION "2.0.2"
| #define STDC_HEADERS 1
| #define HAVE_SYS_TYPES_H 1
| #define HAVE_SYS_STAT_H 1
| #define HAVE_STDLIB_H 1
| #define HAVE_STRING_H 1
| #define HAVE_MEMORY_H 1
| #define HAVE_STRINGS_H 1
| #define HAVE_INTTYPES_H 1
| #define HAVE_STDINT_H 1
| #define HAVE_UNISTD_H 1
| #define HAVE_DLFCN_H 1
| #define LT_OBJDIR ".libs/"
| #define STDC_HEADERS 1
| #define HAVE_FLOAT_H 1
| #define HAVE_MEMORY_H 1
| #define HAVE_STDINT_H 1
| #define HAVE_STDLIB_H 1
| #define HAVE_STRING_H 1
| /* end confdefs.h.  */
| #include <stdio.h>
| #ifdef HAVE_SYS_TYPES_H
| # include <sys/types.h>
| #endif
| #ifdef HAVE_SYS_STAT_H
| # include <sys/stat.h>
| #endif
| #ifdef STDC_HEADERS
| # include <stdlib.h>
| # include <stddef.h>
| #else
| # ifdef HAVE_STDLIB_H
| #  include <stdlib.h>
| # endif
| #endif
| #ifdef HAVE_STRING_H
| # if !defined STDC_HEADERS && defined HAVE_MEMORY_H
| #  include <memory.h>
| # endif
| # include <string.h>
| #endif
| #ifdef HAVE_STRINGS_H
| # include <strings.h>
| #endif
| #ifdef HAVE_INTTYPES_H
| # include <inttypes.h>
| #endif
| #ifdef HAVE_STDINT_H
| # include <stdint.h>
| #endif
| #ifdef HAVE_UNISTD_H
| # include <unistd.h>
| #endif
| 	        enum { N = 16 / 2 - 1 };
| int
| main ()
| {
| static int test_array [1 - 2 * !((int16_t) (((((int16_t) 1 << N) << N) - 1) * 2 + 1)
| 		 < (int16_t) (((((int16_t) 1 << N) << N) - 1) * 2 + 2))];
| test_array [0] = 0;
| return test_array [0];
| 
|   ;
|   return 0;
| }
configure:9816: result: yes
configure:9827: checking for int32_t
configure:9827: gcc -c -fPIC  conftest.c >&5
configure:9827: $? = 0
configure:9827: gcc -c -fPIC  conftest.c >&5
conftest.c: In function 'main':
conftest.c:67:53: warning: integer overflow in expression of type 'int' results in '-2147483648' [-Woverflow]
    < (int32_t) (((((int32_t) 1 << N) << N) - 1) * 2 + 2))];
                                                     ^
conftest.c:66:12: error: storage size of 'test_array' isn't constant
 static int test_array [1 - 2 * !((int32_t) (((((int32_t) 1 << N) << N) - 1) * 2 + 1)
            ^~~~~~~~~~
configure:9827: $? = 1
configure: failed program was:
| /* confdefs.h */
| #define PACKAGE_NAME "libaacplus"
| #define PACKAGE_TARNAME "libaacplus"
| #define PACKAGE_VERSION "2.0.2"
| #define PACKAGE_STRING "libaacplus 2.0.2"
| #define PACKAGE_BUGREPORT "Sergiy Guriev <piratfm@ua.fm>"
| #define PACKAGE_URL ""
| #define PACKAGE "libaacplus"
| #define VERSION "2.0.2"
| #define STDC_HEADERS 1
| #define HAVE_SYS_TYPES_H 1
| #define HAVE_SYS_STAT_H 1
| #define HAVE_STDLIB_H 1
| #define HAVE_STRING_H 1
| #define HAVE_MEMORY_H 1
| #define HAVE_STRINGS_H 1
| #define HAVE_INTTYPES_H 1
| #define HAVE_STDINT_H 1
| #define HAVE_UNISTD_H 1
| #define HAVE_DLFCN_H 1
| #define LT_OBJDIR ".libs/"
| #define STDC_HEADERS 1
| #define HAVE_FLOAT_H 1
| #define HAVE_MEMORY_H 1
| #define HAVE_STDINT_H 1
| #define HAVE_STDLIB_H 1
| #define HAVE_STRING_H 1
| /* end confdefs.h.  */
| #include <stdio.h>
| #ifdef HAVE_SYS_TYPES_H
| # include <sys/types.h>
| #endif
| #ifdef HAVE_SYS_STAT_H
| # include <sys/stat.h>
| #endif
| #ifdef STDC_HEADERS
| # include <stdlib.h>
| # include <stddef.h>
| #else
| # ifdef HAVE_STDLIB_H
| #  include <stdlib.h>
| # endif
| #endif
| #ifdef HAVE_STRING_H
| # if !defined STDC_HEADERS && defined HAVE_MEMORY_H
| #  include <memory.h>
| # endif
| # include <string.h>
| #endif
| #ifdef HAVE_STRINGS_H
| # include <strings.h>
| #endif
| #ifdef HAVE_INTTYPES_H
| # include <inttypes.h>
| #endif
| #ifdef HAVE_STDINT_H
| # include <stdint.h>
| #endif
| #ifdef HAVE_UNISTD_H
| # include <unistd.h>
| #endif
| 	        enum { N = 32 / 2 - 1 };
| int
| main ()
| {
| static int test_array [1 - 2 * !((int32_t) (((((int32_t) 1 << N) << N) - 1) * 2 + 1)
| 		 < (int32_t) (((((int32_t) 1 << N) << N) - 1) * 2 + 2))];
| test_array [0] = 0;
| return test_array [0];
| 
|   ;
|   return 0;
| }
configure:9827: result: yes
configure:9838: checking for int8_t
configure:9838: gcc -c -fPIC  conftest.c >&5
configure:9838: $? = 0
configure:9838: gcc -c -fPIC  conftest.c >&5
conftest.c: In function 'main':
conftest.c:66:12: error: size of array 'test_array' is negative
 static int test_array [1 - 2 * !((int8_t) (((((int8_t) 1 << N) << N) - 1) * 2 + 1)
            ^~~~~~~~~~
configure:9838: $? = 1
configure: failed program was:
| /* confdefs.h */
| #define PACKAGE_NAME "libaacplus"
| #define PACKAGE_TARNAME "libaacplus"
| #define PACKAGE_VERSION "2.0.2"
| #define PACKAGE_STRING "libaacplus 2.0.2"
| #define PACKAGE_BUGREPORT "Sergiy Guriev <piratfm@ua.fm>"
| #define PACKAGE_URL ""
| #define PACKAGE "libaacplus"
| #define VERSION "2.0.2"
| #define STDC_HEADERS 1
| #define HAVE_SYS_TYPES_H 1
| #define HAVE_SYS_STAT_H 1
| #define HAVE_STDLIB_H 1
| #define HAVE_STRING_H 1
| #define HAVE_MEMORY_H 1
| #define HAVE_STRINGS_H 1
| #define HAVE_INTTYPES_H 1
| #define HAVE_STDINT_H 1
| #define HAVE_UNISTD_H 1
| #define HAVE_DLFCN_H 1
| #define LT_OBJDIR ".libs/"
| #define STDC_HEADERS 1
| #define HAVE_FLOAT_H 1
| #define HAVE_MEMORY_H 1
| #define HAVE_STDINT_H 1
| #define HAVE_STDLIB_H 1
| #define HAVE_STRING_H 1
| /* end confdefs.h.  */
| #include <stdio.h>
| #ifdef HAVE_SYS_TYPES_H
| # include <sys/types.h>
| #endif
| #ifdef HAVE_SYS_STAT_H
| # include <sys/stat.h>
| #endif
| #ifdef STDC_HEADERS
| # include <stdlib.h>
| # include <stddef.h>
| #else
| # ifdef HAVE_STDLIB_H
| #  include <stdlib.h>
| # endif
| #endif
| #ifdef HAVE_STRING_H
| # if !defined STDC_HEADERS && defined HAVE_MEMORY_H
| #  include <memory.h>
| # endif
| # include <string.h>
| #endif
| #ifdef HAVE_STRINGS_H
| # include <strings.h>
| #endif
| #ifdef HAVE_INTTYPES_H
| # include <inttypes.h>
| #endif
| #ifdef HAVE_STDINT_H
| # include <stdint.h>
| #endif
| #ifdef HAVE_UNISTD_H
| # include <unistd.h>
| #endif
| 	        enum { N = 8 / 2 - 1 };
| int
| main ()
| {
| static int test_array [1 - 2 * !((int8_t) (((((int8_t) 1 << N) << N) - 1) * 2 + 1)
| 		 < (int8_t) (((((int8_t) 1 << N) << N) - 1) * 2 + 2))];
| test_array [0] = 0;
| return test_array [0];
| 
|   ;
|   return 0;
| }
configure:9838: result: yes
configure:9849: checking for uint16_t
configure:9849: gcc -c -fPIC  conftest.c >&5
configure:9849: $? = 0
configure:9849: result: yes
configure:9865: checking for stdlib.h
configure:9865: result: yes
configure:9875: checking for GNU libc compatible malloc
configure:9899: gcc -o conftest -fPIC   conftest.c -lm  >&5
configure:9899: $? = 0
configure:9899: ./conftest
configure:9899: $? = 0
configure:9909: result: yes
configure:9930: checking for working memcmp
configure:9973: gcc -o conftest -fPIC   conftest.c -lm  >&5
configure:9973: $? = 0
configure:9973: ./conftest
configure:9973: $? = 0
configure:9983: result: yes
configure:9995: checking for floor
configure:9995: gcc -o conftest -fPIC   conftest.c -lm  >&5
conftest.c:54:6: warning: conflicting types for built-in function 'floor' [-Wbuiltin-declaration-mismatch]
 char floor ();
      ^~~~~
configure:9995: $? = 0
configure:9995: result: yes
configure:9995: checking for memmove
configure:9995: gcc -o conftest -fPIC   conftest.c -lm  >&5
conftest.c:55:6: warning: conflicting types for built-in function 'memmove' [-Wbuiltin-declaration-mismatch]
 char memmove ();
      ^~~~~~~
configure:9995: $? = 0
configure:9995: result: yes
configure:9995: checking for memset
configure:9995: gcc -o conftest -fPIC   conftest.c -lm  >&5
conftest.c:56:6: warning: conflicting types for built-in function 'memset' [-Wbuiltin-declaration-mismatch]
 char memset ();
      ^~~~~~
configure:9995: $? = 0
configure:9995: result: yes
configure:9995: checking for pow
configure:9995: gcc -o conftest -fPIC   conftest.c -lm  >&5
conftest.c:57:6: warning: conflicting types for built-in function 'pow' [-Wbuiltin-declaration-mismatch]
 char pow ();
      ^~~
configure:9995: $? = 0
configure:9995: result: yes
configure:9995: checking for sqrt
configure:9995: gcc -o conftest -fPIC   conftest.c -lm  >&5
conftest.c:58:6: warning: conflicting types for built-in function 'sqrt' [-Wbuiltin-declaration-mismatch]
 char sqrt ();
      ^~~~
configure:9995: $? = 0
configure:9995: result: yes
configure:10032: checking for fftw3 library at /usr 
configure:10061: WARNING: not found
configure:10064: checking for fftw3 library at /usr/local 
configure:10107: WARNING: not found, building without fftw3
configure:10128: checking for pkg-config
configure:10144: found /usr/bin/pkg-config
configure:10156: result: yes
configure:10302: checking that generated files are newer than configure
configure:10308: result: done
configure:10335: creating ./config.status

## ---------------------- ##
## Running config.status. ##
## ---------------------- ##

This file was extended by libaacplus config.status 2.0.2, which was
generated by GNU Autoconf 2.69.  Invocation command line was

  CONFIG_FILES    = 
  CONFIG_HEADERS  = 
  CONFIG_LINKS    = 
  CONFIG_COMMANDS = 
  $ ./config.status 

on gxh-u16-2

config.status:1124: creating aacplus.spec
config.status:1124: creating aacplus-config
config.status:1232: WARNING:  'aacplus-config.in' seems to ignore the --datarootdir setting
config.status:1124: creating aacplus.pc
config.status:1124: creating Makefile
config.status:1124: creating src/Makefile
config.status:1124: creating patches/Makefile
config.status:1124: creating include/Makefile
config.status:1124: creating frontend/Makefile
config.status:1124: creating config.h
config.status:1305: config.h is unchanged
config.status:1353: executing depfiles commands
config.status:1353: executing libtool commands

## ---------------- ##
## Cache variables. ##
## ---------------- ##

ac_cv_build=x86_64-pc-linux-gnu
ac_cv_c_compiler_gnu=yes
ac_cv_c_const=yes
ac_cv_c_int16_t=yes
ac_cv_c_int32_t=yes
ac_cv_c_int8_t=yes
ac_cv_c_uint16_t=yes
ac_cv_downloader_prog='/usr/bin/wget -N'
ac_cv_env_CC_set=
ac_cv_env_CC_value=
ac_cv_env_CFLAGS_set=set
ac_cv_env_CFLAGS_value=-fPIC
ac_cv_env_CPPFLAGS_set=
ac_cv_env_CPPFLAGS_value=
ac_cv_env_CPP_set=
ac_cv_env_CPP_value=
ac_cv_env_LDFLAGS_set=
ac_cv_env_LDFLAGS_value=
ac_cv_env_LIBS_set=
ac_cv_env_LIBS_value=
ac_cv_env_LT_SYS_LIBRARY_PATH_set=
ac_cv_env_LT_SYS_LIBRARY_PATH_value=
ac_cv_env_build_alias_set=
ac_cv_env_build_alias_value=
ac_cv_env_host_alias_set=
ac_cv_env_host_alias_value=
ac_cv_env_target_alias_set=
ac_cv_env_target_alias_value=
ac_cv_file__bin_bash=yes
ac_cv_func_floor=yes
ac_cv_func_malloc_0_nonnull=yes
ac_cv_func_memcmp_working=yes
ac_cv_func_memmove=yes
ac_cv_func_memset=yes
ac_cv_func_pow=yes
ac_cv_func_sqrt=yes
ac_cv_header_dlfcn_h=yes
ac_cv_header_float_h=yes
ac_cv_header_inttypes_h=yes
ac_cv_header_memory_h=yes
ac_cv_header_stdc=yes
ac_cv_header_stdint_h=yes
ac_cv_header_stdlib_h=yes
ac_cv_header_string_h=yes
ac_cv_header_strings_h=yes
ac_cv_header_sys_stat_h=yes
ac_cv_header_sys_types_h=yes
ac_cv_header_unistd_h=yes
ac_cv_host=x86_64-pc-linux-gnu
ac_cv_objext=o
ac_cv_parameter_expansion_string_replace_capable_shell=/bin/bash
ac_cv_path_DOWNLOADER_PROG_CMD=/usr/bin/wget
ac_cv_path_EGREP='/bin/grep -E'
ac_cv_path_FGREP='/bin/grep -F'
ac_cv_path_GREP=/bin/grep
ac_cv_path_PATCH=/usr/bin/patch
ac_cv_path_SED=/bin/sed
ac_cv_path_UNZIP=/usr/bin/unzip
ac_cv_path_install='/usr/bin/install -c'
ac_cv_path_lt_DD=/bin/dd
ac_cv_path_mkdir=/bin/mkdir
ac_cv_prog_AWK=mawk
ac_cv_prog_CPP='gcc -E'
ac_cv_prog_PKGCONFIG=yes
ac_cv_prog_ac_ct_AR=ar
ac_cv_prog_ac_ct_CC=gcc
ac_cv_prog_ac_ct_DLLTOOL=dlltool
ac_cv_prog_ac_ct_MANIFEST_TOOL=mt
ac_cv_prog_ac_ct_OBJDUMP=objdump
ac_cv_prog_ac_ct_RANLIB=ranlib
ac_cv_prog_ac_ct_STRIP=strip
ac_cv_prog_cc_c89=
ac_cv_prog_cc_g=yes
ac_cv_prog_make_make_set=yes
ac_cv_search_sqrt=-lm
am_cv_CC_dependencies_compiler_type=gcc3
am_cv_make_support_nested_variables=yes
am_cv_prog_cc_c_o=yes
lt_cv_ar_at_file=@
lt_cv_deplibs_check_method=pass_all
lt_cv_file_magic_cmd='$MAGIC_CMD'
lt_cv_file_magic_test_file=
lt_cv_ld_reload_flag=-r
lt_cv_nm_interface='BSD nm'
lt_cv_objdir=.libs
lt_cv_path_LD=/usr/bin/ld
lt_cv_path_NM='/usr/bin/nm -B'
lt_cv_path_mainfest_tool=no
lt_cv_prog_compiler_c_o=yes
lt_cv_prog_compiler_pic='-fPIC -DPIC'
lt_cv_prog_compiler_pic_works=yes
lt_cv_prog_compiler_rtti_exceptions=no
lt_cv_prog_compiler_static_works=yes
lt_cv_prog_gnu_ld=yes
lt_cv_sharedlib_from_linklib_cmd='printf %s\n'
lt_cv_shlibpath_overrides_runpath=yes
lt_cv_sys_global_symbol_pipe='sed -n -e '\''s/^.*[	 ]\([ABCDGIRSTW][ABCDGIRSTW]*\)[	 ][	 ]*\([_A-Za-z][_A-Za-z0-9]*\)$/\1 \2 \2/p'\'' | sed '\''/ __gnu_lto/d'\'''
lt_cv_sys_global_symbol_to_c_name_address='sed -n -e '\''s/^: \(.*\) .*$/  {"\1", (void *) 0},/p'\'' -e '\''s/^[ABCDGIRSTW][ABCDGIRSTW]* .* \(.*\)$/  {"\1", (void *) \&\1},/p'\'''
lt_cv_sys_global_symbol_to_c_name_address_lib_prefix='sed -n -e '\''s/^: \(.*\) .*$/  {"\1", (void *) 0},/p'\'' -e '\''s/^[ABCDGIRSTW][ABCDGIRSTW]* .* \(lib.*\)$/  {"\1", (void *) \&\1},/p'\'' -e '\''s/^[ABCDGIRSTW][ABCDGIRSTW]* .* \(.*\)$/  {"lib\1", (void *) \&\1},/p'\'''
lt_cv_sys_global_symbol_to_cdecl='sed -n -e '\''s/^T .* \(.*\)$/extern int \1();/p'\'' -e '\''s/^[ABCDGIRSTW][ABCDGIRSTW]* .* \(.*\)$/extern char \1;/p'\'''
lt_cv_sys_global_symbol_to_import=
lt_cv_sys_max_cmd_len=1572864
lt_cv_to_host_file_cmd=func_convert_file_noop
lt_cv_to_tool_file_cmd=func_convert_file_noop
lt_cv_truncate_bin='/bin/dd bs=4096 count=1'

## ----------------- ##
## Output variables. ##
## ----------------- ##

AACPLUS_CFLAGS=''
AACPLUS_CPPFLAGS='-I '
AACPLUS_LIBS='-laacplus -lm '
AACPLUS_REQUIRES=''
ACLOCAL='${SHELL} /home/xiaohuigao/works/huichang/svc_codec/bizconf_svc_codec/ffmpeg-linux/libaacplus-2.0.2/missing aclocal-1.15'
AMDEPBACKSLASH='\'
AMDEP_FALSE='#'
AMDEP_TRUE=''
AMTAR='$${TAR-tar}'
AM_BACKSLASH='\'
AM_DEFAULT_V='$(AM_DEFAULT_VERBOSITY)'
AM_DEFAULT_VERBOSITY='1'
AM_V='$(V)'
AR='ar'
AS='as'
ASH=''
AUTOCONF='${SHELL} /home/xiaohuigao/works/huichang/svc_codec/bizconf_svc_codec/ffmpeg-linux/libaacplus-2.0.2/missing autoconf'
AUTOHEADER='${SHELL} /home/xiaohuigao/works/huichang/svc_codec/bizconf_svc_codec/ffmpeg-linux/libaacplus-2.0.2/missing autoheader'
AUTOMAKE='${SHELL} /home/xiaohuigao/works/huichang/svc_codec/bizconf_svc_codec/ffmpeg-linux/libaacplus-2.0.2/missing automake-1.15'
AWK='mawk'
BASH='/bin/bash'
CC='gcc'
CCDEPMODE='depmode=gcc3'
CFLAGS='-fPIC'
CPP='gcc -E'
CPPFLAGS=''
CYGPATH_W='echo'
DEBUG=''
DEFS='-DHAVE_CONFIG_H'
DEPDIR='.deps'
DLLTOOL='dlltool'
DOWNLOADER_PROG='/usr/bin/wget -N'
DOWNLOADER_PROG_CMD='/usr/bin/wget'
DSYMUTIL=''
DUMPBIN=''
ECHO_C=''
ECHO_N='-n'
ECHO_T=''
EGREP='/bin/grep -E'
EXEEXT=''
FFTW3_CFLAGS=''
FFTW3_INCFLAGS=''
FFTW3_LDFLAGS=''
FFTW3_LIB=''
FGREP='/bin/grep -F'
GREP='/bin/grep'
HAVE_PKGCONFIG_FALSE='#'
HAVE_PKGCONFIG_TRUE=''
INSTALL_DATA='${INSTALL} -m 644'
INSTALL_PROGRAM='${INSTALL}'
INSTALL_SCRIPT='${INSTALL}'
INSTALL_STRIP_PROGRAM='$(install_sh) -c -s'
LD='/usr/bin/ld -m elf_x86_64'
LDFLAGS=''
LIBOBJS=''
LIBS='-lm '
LIBTOOL='$(SHELL) $(top_builddir)/libtool'
LIBTOOL_DEPS='./ltmain.sh'
LIPO=''
LN_S='ln -s'
LTLIBOBJS=''
LT_SYS_LIBRARY_PATH=''
MAKEINFO='${SHELL} /home/xiaohuigao/works/huichang/svc_codec/bizconf_svc_codec/ffmpeg-linux/libaacplus-2.0.2/missing makeinfo'
MANIFEST_TOOL=':'
MKDIR_P='/bin/mkdir -p'
NM='/usr/bin/nm -B'
NMEDIT=''
OBJDUMP='objdump'
OBJEXT='o'
OPT=''
OTOOL64=''
OTOOL=''
PACKAGE='libaacplus'
PACKAGE_BUGREPORT='Sergiy Guriev <piratfm@ua.fm>'
PACKAGE_NAME='libaacplus'
PACKAGE_STRING='libaacplus 2.0.2'
PACKAGE_TARNAME='libaacplus'
PACKAGE_URL=''
PACKAGE_VERSION='2.0.2'
PARAMETER_EXPANSION_STRING_REPLACE_CAPABLE_SHELL='/bin/bash'
PATCH='/usr/bin/patch'
PATH_SEPARATOR=':'
PKGCONFIG='yes'
PROFILE=''
RANLIB='ranlib'
SED='/bin/sed'
SET_MAKE=''
SHELL='/bin/bash'
STRIP='strip'
UNZIP='/usr/bin/unzip'
VERSION='2.0.2'
ac_ct_AR='ar'
ac_ct_CC='gcc'
ac_ct_DUMPBIN=''
am__EXEEXT_FALSE=''
am__EXEEXT_TRUE='#'
am__fastdepCC_FALSE='#'
am__fastdepCC_TRUE=''
am__include='include'
am__isrc=''
am__leading_dot='.'
am__nodep='_no'
am__quote=''
am__tar='$${TAR-tar} chof - "$$tardir"'
am__untar='$${TAR-tar} xf -'
bindir='${exec_prefix}/bin'
build='x86_64-pc-linux-gnu'
build_alias=''
build_cpu='x86_64'
build_os='linux-gnu'
build_vendor='pc'
datadir='${datarootdir}'
datarootdir='${prefix}/share'
docdir='${datarootdir}/doc/${PACKAGE_TARNAME}'
dvidir='${docdir}'
exec_prefix='${prefix}'
host='x86_64-pc-linux-gnu'
host_alias=''
host_cpu='x86_64'
host_os='linux-gnu'
host_vendor='pc'
htmldir='${docdir}'
includedir='${prefix}/include'
infodir='${datarootdir}/info'
install_sh='${SHELL} /home/xiaohuigao/works/huichang/svc_codec/bizconf_svc_codec/ffmpeg-linux/libaacplus-2.0.2/install-sh'
libdir='${exec_prefix}/lib'
libexecdir='${exec_prefix}/libexec'
localedir='${datarootdir}/locale'
localstatedir='${prefix}/var'
mandir='${datarootdir}/man'
mkdir_p='$(MKDIR_P)'
oldincludedir='/usr/include'
pdfdir='${docdir}'
prefix='/usr/local'
program_transform_name='s,x,x,'
psdir='${docdir}'
runstatedir='${localstatedir}/run'
sbindir='${exec_prefix}/sbin'
sharedstatedir='${prefix}/com'
sysconfdir='${prefix}/etc'
target_alias=''

## ----------- ##
## confdefs.h. ##
## ----------- ##

/* confdefs.h */
#define PACKAGE_NAME "libaacplus"
#define PACKAGE_TARNAME "libaacplus"
#define PACKAGE_VERSION "2.0.2"
#define PACKAGE_STRING "libaacplus 2.0.2"
#define PACKAGE_BUGREPORT "Sergiy Guriev <piratfm@ua.fm>"
#define PACKAGE_URL ""
#define PACKAGE "libaacplus"
#define VERSION "2.0.2"
#define STDC_HEADERS 1
#define HAVE_SYS_TYPES_H 1
#define HAVE_SYS_STAT_H 1
#define HAVE_STDLIB_H 1
#define HAVE_STRING_H 1
#define HAVE_MEMORY_H 1
#define HAVE_STRINGS_H 1
#define HAVE_INTTYPES_H 1
#define HAVE_STDINT_H 1
#define HAVE_UNISTD_H 1
#define HAVE_DLFCN_H 1
#define LT_OBJDIR ".libs/"
#define STDC_HEADERS 1
#define HAVE_FLOAT_H 1
#define HAVE_MEMORY_H 1
#define HAVE_STDINT_H 1
#define HAVE_STDLIB_H 1
#define HAVE_STRING_H 1
#define HAVE_STDLIB_H 1
#define HAVE_MALLOC 1
#define HAVE_FLOOR 1
#define HAVE_MEMMOVE 1
#define HAVE_MEMSET 1
#define HAVE_POW 1
#define HAVE_SQRT 1

configure: exit 0

## ---------------------- ##
## Running config.status. ##
## ---------------------- ##

This file was extended by libaacplus config.status 2.0.2, which was
generated by GNU Autoconf 2.69.  Invocation command line was

  CONFIG_FILES    = 
  CONFIG_HEADERS  = 
  CONFIG_LINKS    = 
  CONFIG_COMMANDS = 
  $ ./config.status config.h

on gxh-u16-2

config.status:1124: creating config.h
config.status:1305: config.h is unchanged
